1574482750.995492 client started (34382): version 2.9a, socket /private/tmp/tmux-501/default, protocol 8
1574482750.995544 on Darwin 19.0.0 Darwin Kernel Version 19.0.0: Wed Oct 23 18:29:05 PDT 2019; root:xnu-6153.41.3~44/RELEASE_X86_64; libevent 2.1.11-stable (select)
1574482750.995589 socket is /private/tmp/tmux-501/default
1574482750.995613 trying connect
1574482750.995647 connect failed: Connection refused
1574482750.995844 lock file is /private/tmp/tmux-501/default.lock
1574482750.995949 flock succeeded
1574482750.995961 got lock (7)
1574482750.995972 trying connect
1574482750.995988 connect failed: Connection refused
1574482750.996523 add peer 0x10cd98000: 8 (0x0)
1574482750.998127 sending message 100 to peer 0x10cd98000 (4 bytes)
1574482750.998155 sending message 101 to peer 0x10cd98000 (15 bytes)
1574482750.998169 sending message 102 to peer 0x10cd98000 (13 bytes)
1574482750.998179 sending message 108 to peer 0x10cd98000 (35 bytes)
1574482750.998201 sending message 104 to peer 0x10cd98000 (0 bytes)
1574482750.998213 sending message 107 to peer 0x10cd98000 (4 bytes)
1574482750.998226 sending message 105 to peer 0x10cd98000 (20 bytes)
1574482750.998238 sending message 105 to peer 0x10cd98000 (11 bytes)
1574482750.998250 sending message 105 to peer 0x10cd98000 (37 bytes)
1574482750.998261 sending message 105 to peer 0x10cd98000 (31 bytes)
1574482750.998271 sending message 105 to peer 0x10cd98000 (40 bytes)
1574482750.998282 sending message 105 to peer 0x10cd98000 (34 bytes)
1574482750.998294 sending message 105 to peer 0x10cd98000 (37 bytes)
1574482750.998305 sending message 105 to peer 0x10cd98000 (31 bytes)
1574482750.998314 sending message 105 to peer 0x10cd98000 (22 bytes)
1574482750.998325 sending message 105 to peer 0x10cd98000 (29 bytes)
1574482750.998336 sending message 105 to peer 0x10cd98000 (35 bytes)
1574482750.998347 sending message 105 to peer 0x10cd98000 (29 bytes)
1574482750.998358 sending message 105 to peer 0x10cd98000 (17 bytes)
1574482750.998369 sending message 105 to peer 0x10cd98000 (19 bytes)
1574482750.998381 sending message 105 to peer 0x10cd98000 (21 bytes)
1574482750.998393 sending message 105 to peer 0x10cd98000 (18 bytes)
1574482750.998408 sending message 105 to peer 0x10cd98000 (54 bytes)
1574482750.998418 sending message 105 to peer 0x10cd98000 (40 bytes)
1574482750.998425 sending message 105 to peer 0x10cd98000 (43 bytes)
1574482750.998436 sending message 105 to peer 0x10cd98000 (238 bytes)
1574482750.998447 sending message 105 to peer 0x10cd98000 (59 bytes)
1574482750.998459 sending message 105 to peer 0x10cd98000 (39 bytes)
1574482750.998471 sending message 105 to peer 0x10cd98000 (29 bytes)
1574482750.998495 sending message 105 to peer 0x10cd98000 (22 bytes)
1574482750.998506 sending message 105 to peer 0x10cd98000 (24 bytes)
1574482750.998519 sending message 105 to peer 0x10cd98000 (26 bytes)
1574482750.998530 sending message 105 to peer 0x10cd98000 (8 bytes)
1574482750.998540 sending message 105 to peer 0x10cd98000 (66 bytes)
1574482750.998550 sending message 105 to peer 0x10cd98000 (20 bytes)
1574482750.998561 sending message 105 to peer 0x10cd98000 (20 bytes)
1574482750.998571 sending message 105 to peer 0x10cd98000 (28 bytes)
1574482750.998583 sending message 105 to peer 0x10cd98000 (57 bytes)
1574482750.998592 sending message 105 to peer 0x10cd98000 (15 bytes)
1574482750.998601 sending message 105 to peer 0x10cd98000 (14 bytes)
1574482750.998612 sending message 105 to peer 0x10cd98000 (43 bytes)
1574482750.998621 sending message 105 to peer 0x10cd98000 (38 bytes)
1574482750.998632 sending message 105 to peer 0x10cd98000 (38 bytes)
1574482750.998642 sending message 105 to peer 0x10cd98000 (21 bytes)
1574482750.998652 sending message 105 to peer 0x10cd98000 (26 bytes)
1574482750.998663 sending message 105 to peer 0x10cd98000 (26 bytes)
1574482750.998673 sending message 105 to peer 0x10cd98000 (21 bytes)
1574482750.998683 sending message 105 to peer 0x10cd98000 (24 bytes)
1574482750.998694 sending message 105 to peer 0x10cd98000 (22 bytes)
1574482750.998705 sending message 105 to peer 0x10cd98000 (24 bytes)
1574482750.998739 sending message 105 to peer 0x10cd98000 (25 bytes)
1574482750.998746 sending message 105 to peer 0x10cd98000 (34 bytes)
1574482750.998752 sending message 105 to peer 0x10cd98000 (23 bytes)
1574482750.998760 sending message 105 to peer 0x10cd98000 (37 bytes)
1574482750.998766 sending message 105 to peer 0x10cd98000 (25 bytes)
1574482750.998773 sending message 105 to peer 0x10cd98000 (27 bytes)
1574482750.998780 sending message 105 to peer 0x10cd98000 (24 bytes)
1574482750.998786 sending message 105 to peer 0x10cd98000 (24 bytes)
1574482750.998792 sending message 105 to peer 0x10cd98000 (30 bytes)
1574482750.998799 sending message 105 to peer 0x10cd98000 (54 bytes)
1574482750.998806 sending message 105 to peer 0x10cd98000 (55 bytes)
1574482750.998812 sending message 105 to peer 0x10cd98000 (24 bytes)
1574482750.998819 sending message 105 to peer 0x10cd98000 (54 bytes)
1574482750.998825 sending message 105 to peer 0x10cd98000 (15 bytes)
1574482750.998832 sending message 105 to peer 0x10cd98000 (196 bytes)
1574482750.998839 sending message 106 to peer 0x10cd98000 (0 bytes)
1574482750.998849 sending message 200 to peer 0x10cd98000 (4 bytes)
1574482750.998858 client loop enter
1574482751.313941 peer 0x10cd98000 message 207
1574482751.313956 sending message 208 to peer 0x10cd98000 (0 bytes)
1574482762.946190 peer 0x10cd98000 message 203
1574482762.946217 sending message 205 to peer 0x10cd98000 (0 bytes)
1574482762.946506 peer 0x10cd98000 message 204
1574482762.946518 client loop exit
